2014-01-18 12:27:45 [CLIENT] [INFO] Setting user: Player213
2014-01-18 12:27:46 [CLIENT] [INFO] LWJGL Version: 2.9.0
2014-01-18 12:27:47 [CLIENT] [INFO] Reloading ResourceManager: Default
2014-01-18 12:27:50 [CLIENT] [INFO] Reloading ResourceManager: Default, FMLFileResourcePack:Forge Mod Loader, FMLFileResourcePack:Minecraft Forge
2014-01-18 12:27:51 [CLIENT] [INFO] Reloading ResourceManager: Default, FMLFileResourcePack:Forge Mod Loader, FMLFileResourcePack:Minecraft Forge
2014-01-18 12:27:53 [CLIENT] [SEVERE] Realms: Invalid session id
2014-01-18 12:27:58 [CLIENT] [INFO] Stopping!
2014-01-18 13:28:16 [CLIENT] [INFO] Setting user: Player178
2014-01-18 13:28:17 [CLIENT] [INFO] LWJGL Version: 2.9.0
2014-01-18 13:28:18 [CLIENT] [INFO] Reloading ResourceManager: Default
2014-01-18 13:28:20 [CLIENT] [INFO] Reloading ResourceManager: Default, FMLFileResourcePack:Forge Mod Loader, FMLFileResourcePack:Minecraft Forge, FMLFileResourcePack:Mod 0
2014-01-18 13:28:21 [CLIENT] [INFO] Reloading ResourceManager: Default, FMLFileResourcePack:Forge Mod Loader, FMLFileResourcePack:Minecraft Forge, FMLFileResourcePack:Mod 0
2014-01-18 13:28:23 [CLIENT] [SEVERE] Realms: Invalid session id
2014-01-18 13:28:28 [CLIENT] [INFO] Stopping!
2014-01-18 13:28:50 [CLIENT] [INFO] Setting user: Player971
2014-01-18 13:28:50 [CLIENT] [INFO] LWJGL Version: 2.9.0
2014-01-18 13:28:52 [CLIENT] [INFO] Reloading ResourceManager: Default
2014-01-18 13:28:54 [CLIENT] [INFO] Reloading ResourceManager: Default, FMLFileResourcePack:Forge Mod Loader, FMLFileResourcePack:Minecraft Forge, FMLFileResourcePack:Tim's Mod 0
2014-01-18 13:28:54 [CLIENT] [INFO] Reloading ResourceManager: Default, FMLFileResourcePack:Forge Mod Loader, FMLFileResourcePack:Minecraft Forge, FMLFileResourcePack:Tim's Mod 0
2014-01-18 13:28:57 [CLIENT] [SEVERE] Realms: Invalid session id
2014-01-18 13:29:07 [CLIENT] [INFO] Stopping!
2014-01-18 13:42:29 [CLIENT] [INFO] Setting user: Player972
2014-01-18 13:42:29 [CLIENT] [INFO] LWJGL Version: 2.9.0
2014-01-18 13:42:31 [CLIENT] [INFO] Reloading ResourceManager: Default
2014-01-18 13:42:33 [CLIENT] [INFO] Reloading ResourceManager: Default, FMLFileResourcePack:Forge Mod Loader, FMLFileResourcePack:Minecraft Forge, FMLFileResourcePack:Tim's Mod 0
2014-01-18 13:42:34 [CLIENT] [INFO] Reloading ResourceManager: Default, FMLFileResourcePack:Forge Mod Loader, FMLFileResourcePack:Minecraft Forge, FMLFileResourcePack:Tim's Mod 0
2014-01-18 13:42:36 [CLIENT] [SEVERE] Realms: Invalid session id
2014-01-18 13:42:57 [CLIENT] [INFO] Stopping!
2014-01-18 14:07:12 [CLIENT] [INFO] Setting user: Player361
2014-01-18 14:07:13 [CLIENT] [INFO] LWJGL Version: 2.9.0
2014-01-18 14:07:14 [CLIENT] [INFO] Reloading ResourceManager: Default
2014-01-18 14:07:17 [CLIENT] [INFO] Reloading ResourceManager: Default, FMLFileResourcePack:Forge Mod Loader, FMLFileResourcePack:Minecraft Forge, FMLFileResourcePack:Tim's Mod 0
2014-01-18 14:07:18 [CLIENT] [INFO] Reloading ResourceManager: Default, FMLFileResourcePack:Forge Mod Loader, FMLFileResourcePack:Minecraft Forge, FMLFileResourcePack:Tim's Mod 0
2014-01-18 14:07:21 [CLIENT] [SEVERE] Realms: Invalid session id
2014-01-18 14:09:42 [CLIENT] [INFO] Stopping!
2014-01-18 14:09:47 [CLIENT] [INFO] Setting user: Player69
2014-01-18 14:09:48 [CLIENT] [INFO] LWJGL Version: 2.9.0
2014-01-18 14:09:49 [CLIENT] [INFO] Reloading ResourceManager: Default
2014-01-18 14:09:52 [CLIENT] [INFO] Reloading ResourceManager: Default, FMLFileResourcePack:Forge Mod Loader, FMLFileResourcePack:Minecraft Forge, FMLFileResourcePack:Tim's Mod 0
2014-01-18 14:09:53 [CLIENT] [INFO] Reloading ResourceManager: Default, FMLFileResourcePack:Forge Mod Loader, FMLFileResourcePack:Minecraft Forge, FMLFileResourcePack:Tim's Mod 0
2014-01-18 14:09:55 [CLIENT] [SEVERE] Realms: Invalid session id
2014-01-18 14:13:28 [CLIENT] [INFO] Stopping!
2014-01-18 14:38:58 [CLIENT] [INFO] Setting user: Player854
2014-01-18 14:38:58 [CLIENT] [INFO] LWJGL Version: 2.9.0
2014-01-18 14:39:00 [CLIENT] [INFO] Reloading ResourceManager: Default
2014-01-18 14:39:02 [CLIENT] [INFO] Reloading ResourceManager: Default, FMLFileResourcePack:Forge Mod Loader, FMLFileResourcePack:Minecraft Forge, FMLFileResourcePack:Tim's Mod 0
2014-01-18 14:39:03 [CLIENT] [INFO] Reloading ResourceManager: Default, FMLFileResourcePack:Forge Mod Loader, FMLFileResourcePack:Minecraft Forge, FMLFileResourcePack:Tim's Mod 0
2014-01-18 14:39:05 [CLIENT] [SEVERE] Realms: Invalid session id
2014-01-18 14:40:17 [CLIENT] [INFO] Stopping!
2014-01-19 10:12:09 [CLIENT] [INFO] Setting user: Player289
2014-01-19 10:12:10 [CLIENT] [INFO] LWJGL Version: 2.9.0
2014-01-19 10:12:11 [CLIENT] [INFO] Reloading ResourceManager: Default
2014-01-19 10:12:14 [CLIENT] [INFO] Reloading ResourceManager: Default, FMLFileResourcePack:Forge Mod Loader, FMLFileResourcePack:Minecraft Forge, FMLFileResourcePack:Tim's Mod 0
2014-01-19 10:12:14 [CLIENT] [SEVERE] Using missing texture, unable to load: minecraft:textures/items/MISSING_ICON_ITEM_24201_null.png
2014-01-19 10:12:15 [CLIENT] [INFO] Reloading ResourceManager: Default, FMLFileResourcePack:Forge Mod Loader, FMLFileResourcePack:Minecraft Forge, FMLFileResourcePack:Tim's Mod 0
2014-01-19 10:12:15 [CLIENT] [SEVERE] Using missing texture, unable to load: minecraft:textures/items/MISSING_ICON_ITEM_24201_null.png
2014-01-19 10:12:17 [CLIENT] [SEVERE] Realms: Invalid session id
2014-01-19 10:15:33 [CLIENT] [INFO] Stopping!
2014-01-19 10:35:01 [CLIENT] [INFO] Setting user: Player929
2014-01-19 10:35:01 [CLIENT] [INFO] LWJGL Version: 2.9.0
2014-01-19 10:35:03 [CLIENT] [INFO] Reloading ResourceManager: Default
2014-01-19 10:35:05 [CLIENT] [INFO] Reloading ResourceManager: Default, FMLFileResourcePack:Forge Mod Loader, FMLFileResourcePack:Minecraft Forge, FMLFileResourcePack:Tim's Mod 0
2014-01-19 10:35:05 [CLIENT] [WARNING] ResourcePack: ignored non-lowercase namespace: Tim's Mod 0/ in /Users/timothyboye/ICT Freelance/Minecraft/Mod 0/eclipse/Minecraft/bin
2014-01-19 10:35:05 [CLIENT] [WARNING] ResourcePack: ignored non-lowercase namespace: Tim's Mod 0/ in /Users/timothyboye/ICT Freelance/Minecraft/Mod 0/eclipse/Minecraft/bin
2014-01-19 10:35:05 [CLIENT] [WARNING] ResourcePack: ignored non-lowercase namespace: Tim's Mod 0/ in /Users/timothyboye/ICT Freelance/Minecraft/Mod 0/eclipse/Minecraft/bin
2014-01-19 10:35:06 [CLIENT] [SEVERE] Using missing texture, unable to load: tim's mod 0:textures/items/wand.png
2014-01-19 10:35:06 [CLIENT] [INFO] Reloading ResourceManager: Default, FMLFileResourcePack:Forge Mod Loader, FMLFileResourcePack:Minecraft Forge, FMLFileResourcePack:Tim's Mod 0
2014-01-19 10:35:06 [CLIENT] [WARNING] ResourcePack: ignored non-lowercase namespace: Tim's Mod 0/ in /Users/timothyboye/ICT Freelance/Minecraft/Mod 0/eclipse/Minecraft/bin
2014-01-19 10:35:06 [CLIENT] [WARNING] ResourcePack: ignored non-lowercase namespace: Tim's Mod 0/ in /Users/timothyboye/ICT Freelance/Minecraft/Mod 0/eclipse/Minecraft/bin
2014-01-19 10:35:06 [CLIENT] [WARNING] ResourcePack: ignored non-lowercase namespace: Tim's Mod 0/ in /Users/timothyboye/ICT Freelance/Minecraft/Mod 0/eclipse/Minecraft/bin
2014-01-19 10:35:06 [CLIENT] [SEVERE] Using missing texture, unable to load: tim's mod 0:textures/items/wand.png
2014-01-19 10:35:08 [CLIENT] [SEVERE] Realms: Invalid session id
2014-01-19 10:35:22 [CLIENT] [INFO] Stopping!
2014-01-19 10:37:15 [CLIENT] [INFO] Setting user: Player281
2014-01-19 10:37:16 [CLIENT] [INFO] LWJGL Version: 2.9.0
2014-01-19 10:37:17 [CLIENT] [INFO] Reloading ResourceManager: Default
2014-01-19 10:37:19 [CLIENT] [INFO] Reloading ResourceManager: Default, FMLFileResourcePack:Forge Mod Loader, FMLFileResourcePack:Minecraft Forge, FMLFileResourcePack:Tim's Mod 0
2014-01-19 10:37:20 [CLIENT] [INFO] Reloading ResourceManager: Default, FMLFileResourcePack:Forge Mod Loader, FMLFileResourcePack:Minecraft Forge, FMLFileResourcePack:Tim's Mod 0
2014-01-19 10:37:22 [CLIENT] [SEVERE] Realms: Invalid session id
2014-01-19 11:06:49 [CLIENT] [INFO] Stopping!
2014-01-19 13:54:07 [CLIENT] [INFO] Setting user: Player26
2014-01-19 13:54:07 [CLIENT] [INFO] LWJGL Version: 2.9.0
2014-01-19 13:54:09 [CLIENT] [INFO] Reloading ResourceManager: Default
2014-01-19 13:54:12 [CLIENT] [INFO] Reloading ResourceManager: Default, FMLFileResourcePack:Forge Mod Loader, FMLFileResourcePack:Minecraft Forge, FMLFileResourcePack:Tim's Mod 0
2014-01-19 13:54:13 [CLIENT] [INFO] Reloading ResourceManager: Default, FMLFileResourcePack:Forge Mod Loader, FMLFileResourcePack:Minecraft Forge, FMLFileResourcePack:Tim's Mod 0
2014-01-19 13:54:15 [CLIENT] [SEVERE] Realms: Invalid session id
2014-01-19 13:55:18 [CLIENT] [INFO] [CHAT] Your game mode has been updated
2014-01-19 13:56:47 [CLIENT] [INFO] Stopping!
2014-01-19 15:57:53 [CLIENT] [INFO] Setting user: Player528
2014-01-19 15:57:54 [CLIENT] [INFO] LWJGL Version: 2.9.0
2014-01-19 15:57:54 [CLIENT] [INFO] Reloading ResourceManager: Default
2014-01-19 15:57:57 [CLIENT] [INFO] Reloading ResourceManager: Default, FMLFileResourcePack:Forge Mod Loader, FMLFileResourcePack:Minecraft Forge, FMLFileResourcePack:Tim's Mod 0
2014-01-19 15:57:58 [CLIENT] [INFO] Reloading ResourceManager: Default, FMLFileResourcePack:Forge Mod Loader, FMLFileResourcePack:Minecraft Forge, FMLFileResourcePack:Tim's Mod 0
2014-01-19 15:58:00 [CLIENT] [SEVERE] Realms: Invalid session id
2014-01-19 15:58:27 [CLIENT] [INFO] Stopping!
2014-01-19 15:59:14 [CLIENT] [INFO] Setting user: Player569
2014-01-19 15:59:15 [CLIENT] [INFO] LWJGL Version: 2.9.0
2014-01-19 15:59:15 [CLIENT] [INFO] Reloading ResourceManager: Default
2014-01-19 15:59:17 [CLIENT] [INFO] Reloading ResourceManager: Default, FMLFileResourcePack:Forge Mod Loader, FMLFileResourcePack:Minecraft Forge, FMLFileResourcePack:Tim's Mod 0
2014-01-19 15:59:18 [CLIENT] [INFO] Reloading ResourceManager: Default, FMLFileResourcePack:Forge Mod Loader, FMLFileResourcePack:Minecraft Forge, FMLFileResourcePack:Tim's Mod 0
2014-01-19 15:59:21 [CLIENT] [SEVERE] Realms: Invalid session id
2014-01-19 15:59:42 [CLIENT] [INFO] Stopping!
2014-01-19 15:59:58 [CLIENT] [INFO] Setting user: Player560
2014-01-19 15:59:59 [CLIENT] [INFO] LWJGL Version: 2.9.0
2014-01-19 15:59:59 [CLIENT] [INFO] Reloading ResourceManager: Default
2014-01-19 16:00:01 [CLIENT] [INFO] Reloading ResourceManager: Default, FMLFileResourcePack:Forge Mod Loader, FMLFileResourcePack:Minecraft Forge, FMLFileResourcePack:Tim's Mod 0
2014-01-19 16:00:02 [CLIENT] [INFO] Reloading ResourceManager: Default, FMLFileResourcePack:Forge Mod Loader, FMLFileResourcePack:Minecraft Forge, FMLFileResourcePack:Tim's Mod 0
2014-01-19 16:00:04 [CLIENT] [SEVERE] Realms: Invalid session id
2014-01-19 16:00:16 [CLIENT] [INFO] Stopping!
2014-01-20 15:32:27 [CLIENT] [INFO] Setting user: Player730
2014-01-20 15:32:27 [CLIENT] [INFO] LWJGL Version: 2.9.0
2014-01-20 15:32:29 [CLIENT] [INFO] Reloading ResourceManager: Default
2014-01-20 15:32:31 [CLIENT] [INFO] Reloading ResourceManager: Default, FMLFileResourcePack:Forge Mod Loader, FMLFileResourcePack:Minecraft Forge, FMLFileResourcePack:Tim's Mod 0
2014-01-20 15:32:32 [CLIENT] [INFO] Reloading ResourceManager: Default, FMLFileResourcePack:Forge Mod Loader, FMLFileResourcePack:Minecraft Forge, FMLFileResourcePack:Tim's Mod 0
2014-01-20 15:32:34 [CLIENT] [SEVERE] Realms: Invalid session id
2014-01-20 15:32:59 [CLIENT] [INFO] Stopping!
2014-01-20 15:33:35 [CLIENT] [INFO] Setting user: Player211
2014-01-20 15:33:36 [CLIENT] [INFO] LWJGL Version: 2.9.0
2014-01-20 15:33:37 [CLIENT] [INFO] Reloading ResourceManager: Default
2014-01-20 15:33:39 [CLIENT] [INFO] Reloading ResourceManager: Default, FMLFileResourcePack:Forge Mod Loader, FMLFileResourcePack:Minecraft Forge, FMLFileResourcePack:Tim's Mod 0
2014-01-20 15:33:40 [CLIENT] [INFO] Reloading ResourceManager: Default, FMLFileResourcePack:Forge Mod Loader, FMLFileResourcePack:Minecraft Forge, FMLFileResourcePack:Tim's Mod 0
2014-01-20 15:33:42 [CLIENT] [SEVERE] Realms: Invalid session id
2014-01-20 15:35:20 [CLIENT] [INFO] Stopping!
2014-01-20 16:00:05 [CLIENT] [INFO] Setting user: Player228
2014-01-20 16:00:06 [CLIENT] [INFO] LWJGL Version: 2.9.0
2014-01-20 16:00:07 [CLIENT] [INFO] Reloading ResourceManager: Default
2014-01-20 16:00:09 [CLIENT] [INFO] Reloading ResourceManager: Default, FMLFileResourcePack:Forge Mod Loader, FMLFileResourcePack:Minecraft Forge, FMLFileResourcePack:Tim's Mod 0
2014-01-20 16:00:10 [CLIENT] [INFO] Reloading ResourceManager: Default, FMLFileResourcePack:Forge Mod Loader, FMLFileResourcePack:Minecraft Forge, FMLFileResourcePack:Tim's Mod 0
2014-01-20 16:00:13 [CLIENT] [SEVERE] Realms: Invalid session id
2014-01-20 16:00:36 [CLIENT] [INFO] Stopping!
2014-01-20 16:03:32 [CLIENT] [INFO] Setting user: Player169
2014-01-20 16:03:33 [CLIENT] [INFO] LWJGL Version: 2.9.0
2014-01-20 16:03:34 [CLIENT] [INFO] Reloading ResourceManager: Default
2014-01-20 16:03:36 [CLIENT] [INFO] Reloading ResourceManager: Default, FMLFileResourcePack:Forge Mod Loader, FMLFileResourcePack:Minecraft Forge, FMLFileResourcePack:Tim's Mod 0
2014-01-20 16:03:37 [CLIENT] [SEVERE] Using missing texture, unable to load: minecraft:textures/items/MISSING_ICON_ITEM_24203_null.png
2014-01-20 16:03:37 [CLIENT] [INFO] Reloading ResourceManager: Default, FMLFileResourcePack:Forge Mod Loader, FMLFileResourcePack:Minecraft Forge, FMLFileResourcePack:Tim's Mod 0
2014-01-20 16:03:37 [CLIENT] [SEVERE] Using missing texture, unable to load: minecraft:textures/items/MISSING_ICON_ITEM_24203_null.png
2014-01-20 16:03:39 [CLIENT] [SEVERE] Realms: Invalid session id
2014-01-20 16:03:50 [CLIENT] [INFO] Stopping!
2014-01-20 16:17:14 [CLIENT] [INFO] Setting user: Player605
2014-01-20 16:17:15 [CLIENT] [INFO] LWJGL Version: 2.9.0
2014-01-20 16:17:15 [CLIENT] [INFO] Reloading ResourceManager: Default
2014-01-20 16:17:17 [CLIENT] [INFO] Reloading ResourceManager: Default, FMLFileResourcePack:Forge Mod Loader, FMLFileResourcePack:Minecraft Forge, FMLFileResourcePack:Tim's Mod 0
2014-01-20 16:17:18 [CLIENT] [INFO] Reloading ResourceManager: Default, FMLFileResourcePack:Forge Mod Loader, FMLFileResourcePack:Minecraft Forge, FMLFileResourcePack:Tim's Mod 0
2014-01-20 16:17:20 [CLIENT] [SEVERE] Realms: Invalid session id
2014-01-20 16:17:37 [CLIENT] [INFO] Stopping!
2014-01-20 16:19:20 [CLIENT] [INFO] Setting user: Player409
2014-01-20 16:19:21 [CLIENT] [INFO] LWJGL Version: 2.9.0
2014-01-20 16:19:21 [CLIENT] [INFO] Reloading ResourceManager: Default
2014-01-20 16:19:24 [CLIENT] [INFO] Reloading ResourceManager: Default, FMLFileResourcePack:Forge Mod Loader, FMLFileResourcePack:Minecraft Forge, FMLFileResourcePack:Tim's Mod 0
2014-01-20 16:19:24 [CLIENT] [INFO] Reloading ResourceManager: Default, FMLFileResourcePack:Forge Mod Loader, FMLFileResourcePack:Minecraft Forge, FMLFileResourcePack:Tim's Mod 0
2014-01-20 16:19:26 [CLIENT] [SEVERE] Realms: Invalid session id
2014-01-20 16:19:42 [CLIENT] [INFO] Stopping!
2014-01-20 16:20:35 [CLIENT] [INFO] Setting user: Player599
2014-01-20 16:20:36 [CLIENT] [INFO] LWJGL Version: 2.9.0
2014-01-20 16:20:36 [CLIENT] [INFO] Reloading ResourceManager: Default
2014-01-20 16:20:39 [CLIENT] [INFO] Reloading ResourceManager: Default, FMLFileResourcePack:Forge Mod Loader, FMLFileResourcePack:Minecraft Forge, FMLFileResourcePack:Tim's Mod 0
2014-01-20 16:20:40 [CLIENT] [INFO] Reloading ResourceManager: Default, FMLFileResourcePack:Forge Mod Loader, FMLFileResourcePack:Minecraft Forge, FMLFileResourcePack:Tim's Mod 0
2014-01-20 16:20:42 [CLIENT] [SEVERE] Realms: Invalid session id
2014-01-20 16:21:00 [CLIENT] [INFO] Stopping!
2014-01-20 16:24:38 [CLIENT] [INFO] Setting user: Player684
2014-01-20 16:24:38 [CLIENT] [INFO] LWJGL Version: 2.9.0
2014-01-20 16:24:39 [CLIENT] [INFO] Reloading ResourceManager: Default
2014-01-20 16:24:41 [CLIENT] [INFO] Reloading ResourceManager: Default, FMLFileResourcePack:Forge Mod Loader, FMLFileResourcePack:Minecraft Forge, FMLFileResourcePack:Tim's Mod 0
2014-01-20 16:24:42 [CLIENT] [INFO] Reloading ResourceManager: Default, FMLFileResourcePack:Forge Mod Loader, FMLFileResourcePack:Minecraft Forge, FMLFileResourcePack:Tim's Mod 0
2014-01-20 16:24:44 [CLIENT] [SEVERE] Realms: Invalid session id
2014-01-20 16:25:54 [CLIENT] [INFO] Stopping!
2014-01-20 16:28:31 [CLIENT] [INFO] Setting user: Player850
2014-01-20 16:28:31 [CLIENT] [INFO] LWJGL Version: 2.9.0
2014-01-20 16:28:32 [CLIENT] [INFO] Reloading ResourceManager: Default
2014-01-20 16:28:34 [CLIENT] [INFO] Reloading ResourceManager: Default, FMLFileResourcePack:Forge Mod Loader, FMLFileResourcePack:Minecraft Forge, FMLFileResourcePack:Tim's Mod 0
2014-01-20 16:28:35 [CLIENT] [INFO] Reloading ResourceManager: Default, FMLFileResourcePack:Forge Mod Loader, FMLFileResourcePack:Minecraft Forge, FMLFileResourcePack:Tim's Mod 0
2014-01-20 16:28:37 [CLIENT] [SEVERE] Realms: Invalid session id
2014-01-20 16:28:59 [CLIENT] [INFO] [CHAT] Your game mode has been updated
2014-01-20 16:29:02 [CLIENT] [INFO] Stopping!
2014-01-20 16:33:11 [CLIENT] [INFO] Setting user: Player470
2014-01-20 16:33:12 [CLIENT] [INFO] LWJGL Version: 2.9.0
2014-01-20 16:33:12 [CLIENT] [INFO] Reloading ResourceManager: Default
2014-01-20 16:33:15 [CLIENT] [INFO] Reloading ResourceManager: Default, FMLFileResourcePack:Forge Mod Loader, FMLFileResourcePack:Minecraft Forge, FMLFileResourcePack:Tim's Mod 0
2014-01-20 16:33:15 [CLIENT] [INFO] Reloading ResourceManager: Default, FMLFileResourcePack:Forge Mod Loader, FMLFileResourcePack:Minecraft Forge, FMLFileResourcePack:Tim's Mod 0
2014-01-20 16:33:17 [CLIENT] [SEVERE] Realms: Invalid session id
2014-01-20 16:33:26 [CLIENT] [INFO] [CHAT] Your game mode has been updated
2014-01-20 16:33:41 [CLIENT] [INFO] Stopping!
2014-01-20 16:46:55 [CLIENT] [INFO] Setting user: Player452
2014-01-20 16:46:56 [CLIENT] [INFO] LWJGL Version: 2.9.0
2014-01-20 16:46:56 [CLIENT] [INFO] Reloading ResourceManager: Default
2014-01-20 16:46:58 [CLIENT] [INFO] Reloading ResourceManager: Default, FMLFileResourcePack:Forge Mod Loader, FMLFileResourcePack:Minecraft Forge, FMLFileResourcePack:Tim's Mod 0
2014-01-20 16:46:59 [CLIENT] [INFO] Reloading ResourceManager: Default, FMLFileResourcePack:Forge Mod Loader, FMLFileResourcePack:Minecraft Forge, FMLFileResourcePack:Tim's Mod 0
2014-01-20 16:47:01 [CLIENT] [SEVERE] Realms: Invalid session id
2014-01-20 16:47:22 [CLIENT] [INFO] [CHAT] Your game mode has been updated
2014-01-20 16:47:25 [CLIENT] [INFO] [CHAT] Usage: /time <set|add> <value>
2014-01-20 16:47:28 [CLIENT] [INFO] [CHAT] --- Showing help page 1 of 4 (/help <page>) ---
2014-01-20 16:47:28 [CLIENT] [INFO] [CHAT] /clear <player> [item] [data]
2014-01-20 16:47:28 [CLIENT] [INFO] [CHAT] /debug <start|stop>
2014-01-20 16:47:28 [CLIENT] [INFO] [CHAT] /defaultgamemode <mode>
2014-01-20 16:47:28 [CLIENT] [INFO] [CHAT] /difficulty <new difficulty>
2014-01-20 16:47:28 [CLIENT] [INFO] [CHAT] /effect <player> <effect> [seconds] [amplifier]
2014-01-20 16:47:28 [CLIENT] [INFO] [CHAT] /enchant <player> <enchantment ID> [level]
2014-01-20 16:47:28 [CLIENT] [INFO] [CHAT] Use /forge <subcommand>. Subcommands are tps, track
2014-01-20 16:47:28 [CLIENT] [INFO] [CHAT] Tip: Use the <tab> key while typing a command to auto-complete the command or its arguments
2014-01-20 16:47:41 [CLIENT] [INFO] [CHAT] Usage: /time <set|add> <value>
2014-01-20 16:47:52 [CLIENT] [INFO] [CHAT] Usage: /time <set|add> <value>
2014-01-20 16:47:58 [CLIENT] [INFO] [CHAT] Usage: /time <set|add> <value>
2014-01-20 16:48:23 [CLIENT] [INFO] [CHAT] Set the time to 0
2014-01-20 16:50:24 [CLIENT] [INFO] Stopping!
2014-01-20 16:55:55 [CLIENT] [INFO] Setting user: Player382
2014-01-20 16:55:56 [CLIENT] [INFO] LWJGL Version: 2.9.0
2014-01-20 16:55:56 [CLIENT] [INFO] Reloading ResourceManager: Default
2014-01-20 16:55:58 [CLIENT] [INFO] Reloading ResourceManager: Default, FMLFileResourcePack:Forge Mod Loader, FMLFileResourcePack:Minecraft Forge, FMLFileResourcePack:Tim's Mod 0
2014-01-20 16:55:59 [CLIENT] [INFO] Reloading ResourceManager: Default, FMLFileResourcePack:Forge Mod Loader, FMLFileResourcePack:Minecraft Forge, FMLFileResourcePack:Tim's Mod 0
2014-01-20 16:56:01 [CLIENT] [SEVERE] Realms: Invalid session id
2014-01-20 16:56:14 [CLIENT] [INFO] [CHAT] Your game mode has been updated
2014-01-20 16:56:21 [CLIENT] [INFO] [CHAT] Your game mode has been updated
2014-01-20 16:56:26 [CLIENT] [INFO] [CHAT] Your game mode has been updated
2014-01-20 16:56:31 [CLIENT] [INFO] [CHAT] Your game mode has been updated
2014-01-20 16:56:38 [CLIENT] [INFO] [CHAT] Your game mode has been updated
2014-01-20 16:56:42 [CLIENT] [INFO] [CHAT] Your game mode has been updated
2014-01-20 16:57:03 [CLIENT] [INFO] [CHAT] Your game mode has been updated
2014-01-20 16:57:21 [CLIENT] [INFO] [CHAT] Your game mode has been updated
2014-01-20 17:00:09 [CLIENT] [INFO] [CHAT] Your game mode has been updated
2014-01-20 17:00:13 [CLIENT] [INFO] [CHAT] Your game mode has been updated
2014-01-20 17:00:16 [CLIENT] [INFO] [CHAT] Your game mode has been updated
2014-01-20 17:00:20 [CLIENT] [INFO] [CHAT] Your game mode has been updated
2014-01-20 17:00:48 [CLIENT] [INFO] Stopping!
2014-01-20 17:01:25 [CLIENT] [INFO] Setting user: Player409
2014-01-20 17:01:26 [CLIENT] [INFO] LWJGL Version: 2.9.0
2014-01-20 17:01:26 [CLIENT] [INFO] Reloading ResourceManager: Default
2014-01-20 17:01:28 [CLIENT] [INFO] Reloading ResourceManager: Default, FMLFileResourcePack:Forge Mod Loader, FMLFileResourcePack:Minecraft Forge, FMLFileResourcePack:Tim's Mod 0
2014-01-20 17:01:29 [CLIENT] [INFO] Reloading ResourceManager: Default, FMLFileResourcePack:Forge Mod Loader, FMLFileResourcePack:Minecraft Forge, FMLFileResourcePack:Tim's Mod 0
2014-01-20 17:01:31 [CLIENT] [SEVERE] Realms: Invalid session id
2014-01-20 17:03:02 [CLIENT] [INFO] [CHAT] Player409 fell from a high place
2014-01-20 17:03:48 [CLIENT] [INFO] [CHAT] Your game mode has been updated
2014-01-20 17:03:56 [CLIENT] [INFO] [CHAT] Your game mode has been updated
2014-01-20 17:04:52 [CLIENT] [INFO] [CHAT] Your game mode has been updated
2014-01-20 17:04:55 [CLIENT] [INFO] [CHAT] Your game mode has been updated
2014-01-20 17:05:33 [CLIENT] [INFO] [CHAT] Your game mode has been updated
2014-01-20 17:05:44 [CLIENT] [INFO] [CHAT] Your game mode has been updated
2014-01-20 17:06:03 [CLIENT] [INFO] Stopping!
2014-01-20 17:52:51 [CLIENT] [INFO] Setting user: Player548
2014-01-20 17:52:52 [CLIENT] [INFO] LWJGL Version: 2.9.0
2014-01-20 17:52:52 [CLIENT] [INFO] Reloading ResourceManager: Default
2014-01-20 17:52:55 [CLIENT] [INFO] Reloading ResourceManager: Default, FMLFileResourcePack:Forge Mod Loader, FMLFileResourcePack:Minecraft Forge, FMLFileResourcePack:Tim's Mod 0
2014-01-20 17:52:56 [CLIENT] [INFO] Reloading ResourceManager: Default, FMLFileResourcePack:Forge Mod Loader, FMLFileResourcePack:Minecraft Forge, FMLFileResourcePack:Tim's Mod 0
2014-01-20 17:52:57 [CLIENT] [SEVERE] Realms: Invalid session id
2014-01-20 17:53:08 [CLIENT] [INFO] [CHAT] Your game mode has been updated
2014-01-20 17:53:14 [CLIENT] [INFO] [CHAT] Your game mode has been updated
2014-01-20 17:54:10 [CLIENT] [INFO] [CHAT] Your game mode has been updated
2014-01-20 17:54:36 [CLIENT] [INFO] Stopping!
2014-01-20 18:10:41 [CLIENT] [INFO] Setting user: Player180
2014-01-20 18:10:42 [CLIENT] [INFO] LWJGL Version: 2.9.0
2014-01-20 18:10:42 [CLIENT] [INFO] Reloading ResourceManager: Default
2014-01-20 18:10:44 [CLIENT] [INFO] Reloading ResourceManager: Default, FMLFileResourcePack:Forge Mod Loader, FMLFileResourcePack:Minecraft Forge, FMLFileResourcePack:Tim's Mod 0
2014-01-20 18:10:45 [CLIENT] [INFO] Reloading ResourceManager: Default, FMLFileResourcePack:Forge Mod Loader, FMLFileResourcePack:Minecraft Forge, FMLFileResourcePack:Tim's Mod 0
2014-01-20 18:10:47 [CLIENT] [SEVERE] Realms: Invalid session id
2014-01-20 18:10:57 [CLIENT] [INFO] [CHAT] Your game mode has been updated
2014-01-20 18:11:00 [CLIENT] [INFO] [CHAT] Your game mode has been updated
2014-01-20 18:11:25 [CLIENT] [INFO] Stopping!
2014-01-20 18:13:45 [CLIENT] [INFO] Setting user: Player842
2014-01-20 18:13:45 [CLIENT] [INFO] LWJGL Version: 2.9.0
2014-01-20 18:13:45 [CLIENT] [INFO] Reloading ResourceManager: Default
2014-01-20 18:13:48 [CLIENT] [INFO] Reloading ResourceManager: Default, FMLFileResourcePack:Forge Mod Loader, FMLFileResourcePack:Minecraft Forge, FMLFileResourcePack:Tim's Mod 0
2014-01-20 18:13:49 [CLIENT] [INFO] Reloading ResourceManager: Default, FMLFileResourcePack:Forge Mod Loader, FMLFileResourcePack:Minecraft Forge, FMLFileResourcePack:Tim's Mod 0
2014-01-20 18:13:51 [CLIENT] [SEVERE] Realms: Invalid session id
2014-01-20 18:13:59 [CLIENT] [INFO] [CHAT] Your game mode has been updated
2014-01-20 18:14:06 [CLIENT] [INFO] [CHAT] Your game mode has been updated
2014-01-20 18:14:41 [CLIENT] [INFO] Stopping!
2014-01-20 18:28:16 [CLIENT] [INFO] Setting user: Player706
2014-01-20 18:28:16 [CLIENT] [INFO] LWJGL Version: 2.9.0
2014-01-20 18:28:18 [CLIENT] [INFO] Reloading ResourceManager: Default
2014-01-20 18:28:20 [CLIENT] [INFO] Reloading ResourceManager: Default, FMLFileResourcePack:Forge Mod Loader, FMLFileResourcePack:Minecraft Forge, FMLFileResourcePack:Tim's Mod 0
2014-01-20 18:28:21 [CLIENT] [INFO] Reloading ResourceManager: Default, FMLFileResourcePack:Forge Mod Loader, FMLFileResourcePack:Minecraft Forge, FMLFileResourcePack:Tim's Mod 0
2014-01-20 18:28:23 [CLIENT] [SEVERE] Realms: Invalid session id
2014-01-20 18:28:35 [CLIENT] [INFO] Stopping!
2014-01-22 16:28:40 [CLIENT] [INFO] Setting user: Player148
2014-01-22 16:28:41 [CLIENT] [INFO] LWJGL Version: 2.9.0
2014-01-22 16:28:41 [CLIENT] [INFO] Reloading ResourceManager: Default
2014-01-22 16:28:44 [CLIENT] [INFO] Reloading ResourceManager: Default, FMLFileResourcePack:Forge Mod Loader, FMLFileResourcePack:Minecraft Forge, FMLFileResourcePack:Tim's Mod 0
2014-01-22 16:28:44 [CLIENT] [SEVERE] Using missing texture, unable to load: minecraft:textures/blocks/MISSING_ICON_TILE_2075_sillyMachine.png
2014-01-22 16:28:45 [CLIENT] [INFO] Reloading ResourceManager: Default, FMLFileResourcePack:Forge Mod Loader, FMLFileResourcePack:Minecraft Forge, FMLFileResourcePack:Tim's Mod 0
2014-01-22 16:28:45 [CLIENT] [SEVERE] Using missing texture, unable to load: minecraft:textures/blocks/MISSING_ICON_TILE_2075_sillyMachine.png
2014-01-22 16:28:47 [CLIENT] [SEVERE] Realms: Server not available!
2014-01-22 16:29:06 [CLIENT] [INFO] Stopping!
2014-01-22 16:36:54 [CLIENT] [INFO] Setting user: Player724
2014-01-22 16:36:54 [CLIENT] [INFO] LWJGL Version: 2.9.0
2014-01-22 16:36:54 [CLIENT] [INFO] Reloading ResourceManager: Default
2014-01-22 16:36:57 [CLIENT] [INFO] Reloading ResourceManager: Default, FMLFileResourcePack:Forge Mod Loader, FMLFileResourcePack:Minecraft Forge, FMLFileResourcePack:Tim's Mod 0
2014-01-22 16:36:58 [CLIENT] [INFO] Reloading ResourceManager: Default, FMLFileResourcePack:Forge Mod Loader, FMLFileResourcePack:Minecraft Forge, FMLFileResourcePack:Tim's Mod 0
2014-01-22 16:37:00 [CLIENT] [SEVERE] Realms: Server not available!
2014-01-22 16:37:15 [CLIENT] [INFO] Stopping!
2014-01-22 16:39:17 [CLIENT] [INFO] Setting user: Player490
2014-01-22 16:39:18 [CLIENT] [INFO] LWJGL Version: 2.9.0
2014-01-22 16:39:18 [CLIENT] [INFO] Reloading ResourceManager: Default
2014-01-22 16:39:20 [CLIENT] [INFO] Reloading ResourceManager: Default, FMLFileResourcePack:Forge Mod Loader, FMLFileResourcePack:Minecraft Forge, FMLFileResourcePack:Tim's Mod 0
2014-01-22 16:39:21 [CLIENT] [INFO] Reloading ResourceManager: Default, FMLFileResourcePack:Forge Mod Loader, FMLFileResourcePack:Minecraft Forge, FMLFileResourcePack:Tim's Mod 0
2014-01-22 16:39:24 [CLIENT] [SEVERE] Realms: Server not available!
2014-01-22 16:40:49 [CLIENT] [INFO] Stopping!
2014-01-22 16:46:29 [CLIENT] [INFO] Setting user: Player156
2014-01-22 16:46:30 [CLIENT] [INFO] LWJGL Version: 2.9.0
2014-01-22 16:46:30 [CLIENT] [INFO] Reloading ResourceManager: Default
2014-01-22 16:46:32 [CLIENT] [INFO] Reloading ResourceManager: Default, FMLFileResourcePack:Forge Mod Loader, FMLFileResourcePack:Minecraft Forge, FMLFileResourcePack:Tim's Mod 0
2014-01-22 16:46:33 [CLIENT] [INFO] Reloading ResourceManager: Default, FMLFileResourcePack:Forge Mod Loader, FMLFileResourcePack:Minecraft Forge, FMLFileResourcePack:Tim's Mod 0
2014-01-22 16:46:36 [CLIENT] [SEVERE] Realms: Server not available!
2014-01-22 16:47:34 [CLIENT] [INFO] Stopping!
2014-01-22 16:58:45 [CLIENT] [INFO] Setting user: Player692
2014-01-22 16:58:46 [CLIENT] [INFO] LWJGL Version: 2.9.0
2014-01-22 16:58:46 [CLIENT] [INFO] Reloading ResourceManager: Default
2014-01-22 16:58:49 [CLIENT] [INFO] Reloading ResourceManager: Default, FMLFileResourcePack:Forge Mod Loader, FMLFileResourcePack:Minecraft Forge, FMLFileResourcePack:Tim's Mod 0
2014-01-22 16:58:50 [CLIENT] [INFO] Reloading ResourceManager: Default, FMLFileResourcePack:Forge Mod Loader, FMLFileResourcePack:Minecraft Forge, FMLFileResourcePack:Tim's Mod 0
2014-01-22 16:58:51 [CLIENT] [SEVERE] Realms: Server not available!
2014-01-22 16:59:55 [CLIENT] [INFO] Stopping!
2014-01-22 21:58:48 [CLIENT] [INFO] Setting user: Player642
2014-01-22 21:58:49 [CLIENT] [INFO] LWJGL Version: 2.9.0
2014-01-22 21:58:49 [CLIENT] [INFO] Reloading ResourceManager: Default
2014-01-22 21:58:52 [CLIENT] [INFO] Reloading ResourceManager: Default, FMLFileResourcePack:Forge Mod Loader, FMLFileResourcePack:Minecraft Forge, FMLFileResourcePack:Tim's Mod 0
2014-01-22 21:58:53 [CLIENT] [INFO] Reloading ResourceManager: Default, FMLFileResourcePack:Forge Mod Loader, FMLFileResourcePack:Minecraft Forge, FMLFileResourcePack:Tim's Mod 0
2014-01-22 21:58:55 [CLIENT] [SEVERE] Realms: Server not available!
2014-01-22 22:01:26 [CLIENT] [INFO] Stopping!
2014-01-24 15:46:55 [CLIENT] [INFO] Setting user: Player355
2014-01-24 15:46:56 [CLIENT] [INFO] LWJGL Version: 2.9.0
2014-01-24 15:46:56 [CLIENT] [INFO] Reloading ResourceManager: Default
2014-01-24 15:46:58 [CLIENT] [INFO] Reloading ResourceManager: Default, FMLFileResourcePack:Forge Mod Loader, FMLFileResourcePack:Minecraft Forge, FMLFileResourcePack:Tim's Mod 0
2014-01-24 15:46:59 [CLIENT] [SEVERE] Using missing texture, unable to load: mod0:textures/blocks/machine_disabled.png
2014-01-24 15:46:59 [CLIENT] [SEVERE] Using missing texture, unable to load: mod0:textures/blocks/machine_bottom.png
2014-01-24 15:46:59 [CLIENT] [SEVERE] Using missing texture, unable to load: mod0:textures/blocks/machine_side_cross.png
2014-01-24 15:46:59 [CLIENT] [SEVERE] Using missing texture, unable to load: mod0:textures/blocks/machine_side_arrow.png
2014-01-24 15:46:59 [CLIENT] [SEVERE] Using missing texture, unable to load: mod0:textures/blocks/machine_side_box.png
2014-01-24 15:46:59 [CLIENT] [SEVERE] Using missing texture, unable to load: mod0:textures/blocks/machine_side.png
2014-01-24 15:46:59 [CLIENT] [SEVERE] Using missing texture, unable to load: mod0:textures/blocks/machine_top.png
2014-01-24 15:46:59 [CLIENT] [SEVERE] Using missing texture, unable to load: mod0:textures/items/card_cross.png
2014-01-24 15:46:59 [CLIENT] [SEVERE] Using missing texture, unable to load: mod0:textures/items/card_box.png
2014-01-24 15:46:59 [CLIENT] [SEVERE] Using missing texture, unable to load: mod0:textures/items/cinnomon_muffin.png
2014-01-24 15:46:59 [CLIENT] [SEVERE] Using missing texture, unable to load: mod0:textures/items/wand_charged.png
2014-01-24 15:46:59 [CLIENT] [SEVERE] Using missing texture, unable to load: mod0:textures/items/malberry_muffin.png
2014-01-24 15:46:59 [CLIENT] [SEVERE] Using missing texture, unable to load: mod0:textures/items/chocolate_muffin.png
2014-01-24 15:46:59 [CLIENT] [SEVERE] Using missing texture, unable to load: mod0:textures/items/wand.png
2014-01-24 15:46:59 [CLIENT] [SEVERE] Using missing texture, unable to load: mod0:textures/items/blueberry_muffin.png
2014-01-24 15:46:59 [CLIENT] [SEVERE] Using missing texture, unable to load: mod0:textures/items/raspberry_muffin.png
2014-01-24 15:46:59 [CLIENT] [SEVERE] Using missing texture, unable to load: mod0:textures/items/card_arrow.png
2014-01-24 15:46:59 [CLIENT] [SEVERE] Using missing texture, unable to load: mod0:textures/items/apple_muffin.png
2014-01-24 15:46:59 [CLIENT] [INFO] Reloading ResourceManager: Default, FMLFileResourcePack:Forge Mod Loader, FMLFileResourcePack:Minecraft Forge, FMLFileResourcePack:Tim's Mod 0
2014-01-24 15:46:59 [CLIENT] [SEVERE] Using missing texture, unable to load: mod0:textures/items/card_cross.png
2014-01-24 15:46:59 [CLIENT] [SEVERE] Using missing texture, unable to load: mod0:textures/items/card_box.png
2014-01-24 15:46:59 [CLIENT] [SEVERE] Using missing texture, unable to load: mod0:textures/items/cinnomon_muffin.png
2014-01-24 15:46:59 [CLIENT] [SEVERE] Using missing texture, unable to load: mod0:textures/items/wand_charged.png
2014-01-24 15:46:59 [CLIENT] [SEVERE] Using missing texture, unable to load: mod0:textures/items/malberry_muffin.png
2014-01-24 15:46:59 [CLIENT] [SEVERE] Using missing texture, unable to load: mod0:textures/items/chocolate_muffin.png
2014-01-24 15:46:59 [CLIENT] [SEVERE] Using missing texture, unable to load: mod0:textures/items/wand.png
2014-01-24 15:47:00 [CLIENT] [SEVERE] Using missing texture, unable to load: mod0:textures/items/blueberry_muffin.png
2014-01-24 15:47:00 [CLIENT] [SEVERE] Using missing texture, unable to load: mod0:textures/items/raspberry_muffin.png
2014-01-24 15:47:00 [CLIENT] [SEVERE] Using missing texture, unable to load: mod0:textures/items/card_arrow.png
2014-01-24 15:47:00 [CLIENT] [SEVERE] Using missing texture, unable to load: mod0:textures/items/apple_muffin.png
2014-01-24 15:47:00 [CLIENT] [SEVERE] Using missing texture, unable to load: mod0:textures/blocks/machine_disabled.png
2014-01-24 15:47:00 [CLIENT] [SEVERE] Using missing texture, unable to load: mod0:textures/blocks/machine_bottom.png
2014-01-24 15:47:00 [CLIENT] [SEVERE] Using missing texture, unable to load: mod0:textures/blocks/machine_side_cross.png
2014-01-24 15:47:00 [CLIENT] [SEVERE] Using missing texture, unable to load: mod0:textures/blocks/machine_side_arrow.png
2014-01-24 15:47:00 [CLIENT] [SEVERE] Using missing texture, unable to load: mod0:textures/blocks/machine_side_box.png
2014-01-24 15:47:00 [CLIENT] [SEVERE] Using missing texture, unable to load: mod0:textures/blocks/machine_side.png
2014-01-24 15:47:00 [CLIENT] [SEVERE] Using missing texture, unable to load: mod0:textures/blocks/machine_top.png
2014-01-24 15:47:01 [CLIENT] [SEVERE] Realms: Server not available!
2014-01-24 15:47:32 [CLIENT] [INFO] Stopping!
2014-01-24 15:47:43 [CLIENT] [INFO] Setting user: Player440
2014-01-24 15:47:44 [CLIENT] [INFO] LWJGL Version: 2.9.0
2014-01-24 15:47:44 [CLIENT] [INFO] Reloading ResourceManager: Default
2014-01-24 15:47:47 [CLIENT] [INFO] Reloading ResourceManager: Default, FMLFileResourcePack:Forge Mod Loader, FMLFileResourcePack:Minecraft Forge, FMLFileResourcePack:Tim's Mod 0
2014-01-24 15:47:47 [CLIENT] [SEVERE] Using missing texture, unable to load: mod0:textures/blocks/machine_disabled.png
2014-01-24 15:47:47 [CLIENT] [SEVERE] Using missing texture, unable to load: mod0:textures/blocks/machine_bottom.png
2014-01-24 15:47:47 [CLIENT] [SEVERE] Using missing texture, unable to load: mod0:textures/blocks/machine_side_cross.png
2014-01-24 15:47:47 [CLIENT] [SEVERE] Using missing texture, unable to load: mod0:textures/blocks/machine_side_arrow.png
2014-01-24 15:47:47 [CLIENT] [SEVERE] Using missing texture, unable to load: mod0:textures/blocks/machine_side_box.png
2014-01-24 15:47:47 [CLIENT] [SEVERE] Using missing texture, unable to load: mod0:textures/blocks/machine_side.png
2014-01-24 15:47:47 [CLIENT] [SEVERE] Using missing texture, unable to load: mod0:textures/blocks/machine_top.png
2014-01-24 15:47:48 [CLIENT] [SEVERE] Using missing texture, unable to load: mod0:textures/items/card_cross.png
2014-01-24 15:47:48 [CLIENT] [SEVERE] Using missing texture, unable to load: mod0:textures/items/card_box.png
2014-01-24 15:47:48 [CLIENT] [SEVERE] Using missing texture, unable to load: mod0:textures/items/cinnomon_muffin.png
2014-01-24 15:47:48 [CLIENT] [SEVERE] Using missing texture, unable to load: mod0:textures/items/wand_charged.png
2014-01-24 15:47:48 [CLIENT] [SEVERE] Using missing texture, unable to load: mod0:textures/items/malberry_muffin.png
2014-01-24 15:47:48 [CLIENT] [SEVERE] Using missing texture, unable to load: mod0:textures/items/chocolate_muffin.png
2014-01-24 15:47:48 [CLIENT] [SEVERE] Using missing texture, unable to load: mod0:textures/items/wand.png
2014-01-24 15:47:48 [CLIENT] [SEVERE] Using missing texture, unable to load: mod0:textures/items/blueberry_muffin.png
2014-01-24 15:47:48 [CLIENT] [SEVERE] Using missing texture, unable to load: mod0:textures/items/raspberry_muffin.png
2014-01-24 15:47:48 [CLIENT] [SEVERE] Using missing texture, unable to load: mod0:textures/items/card_arrow.png
2014-01-24 15:47:48 [CLIENT] [SEVERE] Using missing texture, unable to load: mod0:textures/items/apple_muffin.png
2014-01-24 15:47:48 [CLIENT] [INFO] Reloading ResourceManager: Default, FMLFileResourcePack:Forge Mod Loader, FMLFileResourcePack:Minecraft Forge, FMLFileResourcePack:Tim's Mod 0
2014-01-24 15:47:48 [CLIENT] [SEVERE] Using missing texture, unable to load: mod0:textures/items/card_cross.png
2014-01-24 15:47:48 [CLIENT] [SEVERE] Using missing texture, unable to load: mod0:textures/items/card_box.png
2014-01-24 15:47:48 [CLIENT] [SEVERE] Using missing texture, unable to load: mod0:textures/items/cinnomon_muffin.png
2014-01-24 15:47:48 [CLIENT] [SEVERE] Using missing texture, unable to load: mod0:textures/items/wand_charged.png
2014-01-24 15:47:48 [CLIENT] [SEVERE] Using missing texture, unable to load: mod0:textures/items/malberry_muffin.png
2014-01-24 15:47:48 [CLIENT] [SEVERE] Using missing texture, unable to load: mod0:textures/items/chocolate_muffin.png
2014-01-24 15:47:48 [CLIENT] [SEVERE] Using missing texture, unable to load: mod0:textures/items/wand.png
2014-01-24 15:47:48 [CLIENT] [SEVERE] Using missing texture, unable to load: mod0:textures/items/blueberry_muffin.png
2014-01-24 15:47:48 [CLIENT] [SEVERE] Using missing texture, unable to load: mod0:textures/items/raspberry_muffin.png
2014-01-24 15:47:48 [CLIENT] [SEVERE] Using missing texture, unable to load: mod0:textures/items/card_arrow.png
2014-01-24 15:47:48 [CLIENT] [SEVERE] Using missing texture, unable to load: mod0:textures/items/apple_muffin.png
2014-01-24 15:47:48 [CLIENT] [SEVERE] Using missing texture, unable to load: mod0:textures/blocks/machine_disabled.png
2014-01-24 15:47:48 [CLIENT] [SEVERE] Using missing texture, unable to load: mod0:textures/blocks/machine_bottom.png
2014-01-24 15:47:48 [CLIENT] [SEVERE] Using missing texture, unable to load: mod0:textures/blocks/machine_side_cross.png
2014-01-24 15:47:48 [CLIENT] [SEVERE] Using missing texture, unable to load: mod0:textures/blocks/machine_side_arrow.png
2014-01-24 15:47:48 [CLIENT] [SEVERE] Using missing texture, unable to load: mod0:textures/blocks/machine_side_box.png
2014-01-24 15:47:48 [CLIENT] [SEVERE] Using missing texture, unable to load: mod0:textures/blocks/machine_side.png
2014-01-24 15:47:48 [CLIENT] [SEVERE] Using missing texture, unable to load: mod0:textures/blocks/machine_top.png
2014-01-24 15:47:51 [CLIENT] [SEVERE] Realms: Server not available!
2014-01-24 15:48:09 [CLIENT] [INFO] Stopping!
2014-01-24 15:50:11 [CLIENT] [INFO] Setting user: Player30
2014-01-24 15:50:11 [CLIENT] [INFO] LWJGL Version: 2.9.0
2014-01-24 15:50:12 [CLIENT] [INFO] Reloading ResourceManager: Default
2014-01-24 15:50:14 [CLIENT] [INFO] Reloading ResourceManager: Default, FMLFileResourcePack:Forge Mod Loader, FMLFileResourcePack:Minecraft Forge, FMLFileResourcePack:Tim's Mod 0
2014-01-24 15:50:14 [CLIENT] [SEVERE] Using missing texture, unable to load: mod0:textures/blocks/machine_disabled.png
2014-01-24 15:50:14 [CLIENT] [SEVERE] Using missing texture, unable to load: mod0:textures/blocks/machine_bottom.png
2014-01-24 15:50:14 [CLIENT] [SEVERE] Using missing texture, unable to load: mod0:textures/blocks/machine_side_cross.png
2014-01-24 15:50:14 [CLIENT] [SEVERE] Using missing texture, unable to load: mod0:textures/blocks/machine_side_arrow.png
2014-01-24 15:50:14 [CLIENT] [SEVERE] Using missing texture, unable to load: mod0:textures/blocks/machine_side_box.png
2014-01-24 15:50:14 [CLIENT] [SEVERE] Using missing texture, unable to load: mod0:textures/blocks/machine_side.png
2014-01-24 15:50:14 [CLIENT] [SEVERE] Using missing texture, unable to load: mod0:textures/blocks/machine_top.png
2014-01-24 15:50:15 [CLIENT] [SEVERE] Using missing texture, unable to load: mod0:textures/items/card_cross.png
2014-01-24 15:50:15 [CLIENT] [SEVERE] Using missing texture, unable to load: mod0:textures/items/card_box.png
2014-01-24 15:50:15 [CLIENT] [SEVERE] Using missing texture, unable to load: mod0:textures/items/cinnomon_muffin.png
2014-01-24 15:50:15 [CLIENT] [SEVERE] Using missing texture, unable to load: mod0:textures/items/wand_charged.png
2014-01-24 15:50:15 [CLIENT] [SEVERE] Using missing texture, unable to load: mod0:textures/items/malberry_muffin.png
2014-01-24 15:50:15 [CLIENT] [SEVERE] Using missing texture, unable to load: mod0:textures/items/chocolate_muffin.png
2014-01-24 15:50:15 [CLIENT] [SEVERE] Using missing texture, unable to load: mod0:textures/items/wand.png
2014-01-24 15:50:15 [CLIENT] [SEVERE] Using missing texture, unable to load: mod0:textures/items/blueberry_muffin.png
2014-01-24 15:50:15 [CLIENT] [SEVERE] Using missing texture, unable to load: mod0:textures/items/raspberry_muffin.png
2014-01-24 15:50:15 [CLIENT] [SEVERE] Using missing texture, unable to load: mod0:textures/items/card_arrow.png
2014-01-24 15:50:15 [CLIENT] [SEVERE] Using missing texture, unable to load: mod0:textures/items/apple_muffin.png
2014-01-24 15:50:15 [CLIENT] [INFO] Reloading ResourceManager: Default, FMLFileResourcePack:Forge Mod Loader, FMLFileResourcePack:Minecraft Forge, FMLFileResourcePack:Tim's Mod 0
2014-01-24 15:50:15 [CLIENT] [SEVERE] Using missing texture, unable to load: mod0:textures/items/card_cross.png
2014-01-24 15:50:15 [CLIENT] [SEVERE] Using missing texture, unable to load: mod0:textures/items/card_box.png
2014-01-24 15:50:15 [CLIENT] [SEVERE] Using missing texture, unable to load: mod0:textures/items/cinnomon_muffin.png
2014-01-24 15:50:15 [CLIENT] [SEVERE] Using missing texture, unable to load: mod0:textures/items/wand_charged.png
2014-01-24 15:50:15 [CLIENT] [SEVERE] Using missing texture, unable to load: mod0:textures/items/malberry_muffin.png
2014-01-24 15:50:15 [CLIENT] [SEVERE] Using missing texture, unable to load: mod0:textures/items/chocolate_muffin.png
2014-01-24 15:50:15 [CLIENT] [SEVERE] Using missing texture, unable to load: mod0:textures/items/wand.png
2014-01-24 15:50:15 [CLIENT] [SEVERE] Using missing texture, unable to load: mod0:textures/items/blueberry_muffin.png
2014-01-24 15:50:15 [CLIENT] [SEVERE] Using missing texture, unable to load: mod0:textures/items/raspberry_muffin.png
2014-01-24 15:50:15 [CLIENT] [SEVERE] Using missing texture, unable to load: mod0:textures/items/card_arrow.png
2014-01-24 15:50:15 [CLIENT] [SEVERE] Using missing texture, unable to load: mod0:textures/items/apple_muffin.png
2014-01-24 15:50:15 [CLIENT] [SEVERE] Using missing texture, unable to load: mod0:textures/blocks/machine_disabled.png
2014-01-24 15:50:15 [CLIENT] [SEVERE] Using missing texture, unable to load: mod0:textures/blocks/machine_bottom.png
2014-01-24 15:50:15 [CLIENT] [SEVERE] Using missing texture, unable to load: mod0:textures/blocks/machine_side_cross.png
2014-01-24 15:50:15 [CLIENT] [SEVERE] Using missing texture, unable to load: mod0:textures/blocks/machine_side_arrow.png
2014-01-24 15:50:15 [CLIENT] [SEVERE] Using missing texture, unable to load: mod0:textures/blocks/machine_side_box.png
2014-01-24 15:50:15 [CLIENT] [SEVERE] Using missing texture, unable to load: mod0:textures/blocks/machine_side.png
2014-01-24 15:50:15 [CLIENT] [SEVERE] Using missing texture, unable to load: mod0:textures/blocks/machine_top.png
2014-01-24 15:50:17 [CLIENT] [SEVERE] Realms: Server not available!
2014-01-24 15:50:39 [CLIENT] [INFO] Stopping!
2014-01-24 16:03:01 [CLIENT] [INFO] Setting user: Player985
2014-01-24 16:03:01 [CLIENT] [INFO] LWJGL Version: 2.9.0
2014-01-24 16:03:02 [CLIENT] [INFO] Reloading ResourceManager: Default
2014-01-24 16:03:04 [CLIENT] [INFO] Reloading ResourceManager: Default, FMLFileResourcePack:Forge Mod Loader, FMLFileResourcePack:Minecraft Forge, FMLFileResourcePack:Tim's Mod 0
2014-01-24 16:03:05 [CLIENT] [SEVERE] Using missing texture, unable to load: mod0:textures/items/cinnomon_muffin.png
2014-01-24 16:03:05 [CLIENT] [SEVERE] Using missing texture, unable to load: mod0:textures/items/malberry_muffin.png
2014-01-24 16:03:05 [CLIENT] [SEVERE] Using missing texture, unable to load: mod0:textures/items/chocolate_muffin.png
2014-01-24 16:03:05 [CLIENT] [SEVERE] Using missing texture, unable to load: mod0:textures/items/blueberry_muffin.png
2014-01-24 16:03:05 [CLIENT] [SEVERE] Using missing texture, unable to load: mod0:textures/items/raspberry_muffin.png
2014-01-24 16:03:05 [CLIENT] [SEVERE] Using missing texture, unable to load: mod0:textures/items/apple_muffin.png
2014-01-24 16:03:05 [CLIENT] [INFO] Reloading ResourceManager: Default, FMLFileResourcePack:Forge Mod Loader, FMLFileResourcePack:Minecraft Forge, FMLFileResourcePack:Tim's Mod 0
2014-01-24 16:03:05 [CLIENT] [SEVERE] Using missing texture, unable to load: mod0:textures/items/cinnomon_muffin.png
2014-01-24 16:03:05 [CLIENT] [SEVERE] Using missing texture, unable to load: mod0:textures/items/malberry_muffin.png
2014-01-24 16:03:05 [CLIENT] [SEVERE] Using missing texture, unable to load: mod0:textures/items/chocolate_muffin.png
2014-01-24 16:03:05 [CLIENT] [SEVERE] Using missing texture, unable to load: mod0:textures/items/blueberry_muffin.png
2014-01-24 16:03:05 [CLIENT] [SEVERE] Using missing texture, unable to load: mod0:textures/items/raspberry_muffin.png
2014-01-24 16:03:05 [CLIENT] [SEVERE] Using missing texture, unable to load: mod0:textures/items/apple_muffin.png
2014-01-24 16:03:07 [CLIENT] [SEVERE] Realms: Server not available!
2014-01-24 16:04:21 [CLIENT] [INFO] Stopping!
2014-01-24 16:15:30 [CLIENT] [INFO] Setting user: Player881
2014-01-24 16:15:30 [CLIENT] [INFO] LWJGL Version: 2.9.0
2014-01-24 16:15:31 [CLIENT] [INFO] Reloading ResourceManager: Default
2014-01-24 16:15:33 [CLIENT] [INFO] Reloading ResourceManager: Default, FMLFileResourcePack:Forge Mod Loader, FMLFileResourcePack:Minecraft Forge, FMLFileResourcePack:Tim's Mod 0
2014-01-24 16:15:34 [CLIENT] [SEVERE] Using missing texture, unable to load: mod0:textures/items/cinnomon_muffin.png
2014-01-24 16:15:34 [CLIENT] [SEVERE] Using missing texture, unable to load: mod0:textures/items/malberry_muffin.png
2014-01-24 16:15:34 [CLIENT] [SEVERE] Using missing texture, unable to load: mod0:textures/items/chocolate_muffin.png
2014-01-24 16:15:34 [CLIENT] [SEVERE] Using missing texture, unable to load: mod0:textures/items/blueberry_muffin.png
2014-01-24 16:15:34 [CLIENT] [SEVERE] Using missing texture, unable to load: mod0:textures/items/raspberry_muffin.png
2014-01-24 16:15:34 [CLIENT] [SEVERE] Using missing texture, unable to load: mod0:textures/items/apple_muffin.png
2014-01-24 16:15:34 [CLIENT] [INFO] Reloading ResourceManager: Default, FMLFileResourcePack:Forge Mod Loader, FMLFileResourcePack:Minecraft Forge, FMLFileResourcePack:Tim's Mod 0
2014-01-24 16:15:34 [CLIENT] [SEVERE] Using missing texture, unable to load: mod0:textures/items/cinnomon_muffin.png
2014-01-24 16:15:34 [CLIENT] [SEVERE] Using missing texture, unable to load: mod0:textures/items/malberry_muffin.png
2014-01-24 16:15:34 [CLIENT] [SEVERE] Using missing texture, unable to load: mod0:textures/items/chocolate_muffin.png
2014-01-24 16:15:34 [CLIENT] [SEVERE] Using missing texture, unable to load: mod0:textures/items/blueberry_muffin.png
2014-01-24 16:15:34 [CLIENT] [SEVERE] Using missing texture, unable to load: mod0:textures/items/raspberry_muffin.png
2014-01-24 16:15:34 [CLIENT] [SEVERE] Using missing texture, unable to load: mod0:textures/items/apple_muffin.png
2014-01-24 16:15:36 [CLIENT] [SEVERE] Realms: Server not available!
2014-01-24 16:18:27 [CLIENT] [INFO] Stopping!
2014-01-25 22:29:35 [CLIENT] [INFO] Setting user: Player923
2014-01-25 22:29:35 [CLIENT] [INFO] LWJGL Version: 2.9.0
2014-01-25 22:29:36 [CLIENT] [INFO] Reloading ResourceManager: Default
2014-01-25 22:29:39 [CLIENT] [INFO] Reloading ResourceManager: Default, FMLFileResourcePack:Forge Mod Loader, FMLFileResourcePack:Minecraft Forge, FMLFileResourcePack:Tim's Mod 0
2014-01-25 22:29:40 [CLIENT] [INFO] Reloading ResourceManager: Default, FMLFileResourcePack:Forge Mod Loader, FMLFileResourcePack:Minecraft Forge, FMLFileResourcePack:Tim's Mod 0
2014-01-25 22:29:42 [CLIENT] [SEVERE] Realms: Server not available!
2014-01-25 22:30:08 [CLIENT] [INFO] [CHAT] Your game mode has been updated
2014-01-25 22:30:14 [CLIENT] [INFO] Stopping!
